<?xml version="1.0" encoding="UTF-8"?>
<!-- Generated by org.testng.reporters.JUnitReportReporter -->
<testsuite hostname="Storm_Rider" failures="0" tests="4" name="com.comcast.crm.leadTestNGTest.CreateLeadTest" time="103.189" errors="0" timestamp="2024-10-29T17:25:59 IST" skipped="0">
  <testcase classname="com.comcast.crm.leadTestNGTest.CreateLeadTest" name="createLead" time="38.552"/>
  <system-out/>
  <testcase classname="com.comcast.crm.leadTestNGTest.CreateLeadTest" name="createLeadWithRating" time="26.905"/>
  <system-out/>
  <testcase classname="com.comcast.crm.leadTestNGTest.CreateLeadTest" name="createLeadWithSource" time="19.631"/>
  <system-out/>
  <testcase classname="com.comcast.crm.leadTestNGTest.CreateLeadTest" name="createLeadWithPhoneNumber" time="18.101"/>
  <system-out/>
</testsuite> <!-- com.comcast.crm.leadTestNGTest.CreateLeadTest -->
