<?xml version="1.0" encoding="UTF-8"?>
<!-- Generated by org.testng.reporters.JUnitReportReporter -->
<testsuite hostname="Storm_Rider" failures="0" tests="4" name="com.comcast.crm.vendorTestNGTest.CreateVendorTest" time="87.716" errors="0" timestamp="2024-10-24T15:16:28 IST" skipped="0">
  <testcase classname="com.comcast.crm.vendorTestNGTest.CreateVendorTest" name="createAndDuplicateVendor" time="26.639"/>
  <system-out/>
  <testcase classname="com.comcast.crm.vendorTestNGTest.CreateVendorTest" name="createVendor" time="18.066"/>
  <system-out/>
  <testcase classname="com.comcast.crm.vendorTestNGTest.CreateVendorTest" name="createVendor" time="18.976"/>
  <system-out/>
  <testcase classname="com.comcast.crm.vendorTestNGTest.CreateVendorTest" name="createAndDuplicateVendor" time="24.035"/>
  <system-out/>
</testsuite> <!-- com.comcast.crm.vendorTestNGTest.CreateVendorTest -->
