<?xml version="1.0" encoding="UTF-8"?>
<!-- Generated by org.testng.reporters.JUnitReportReporter -->
<testsuite hostname="Storm_Rider" failures="0" tests="2" name="com.crm.comcast.OrgTestNGTest.CreateOrgTest" time="0.008" errors="0" timestamp="2024-10-22T11:24:20 IST" skipped="0">
  <testcase classname="com.crm.comcast.OrgTestNGTest.CreateOrgTest" name="createOrgTest" time="0.005"/>
  <system-out/>
  <testcase classname="com.crm.comcast.OrgTestNGTest.CreateOrgTest" name="createOrgWithIndustryTest" time="0.003"/>
  <system-out/>
</testsuite> <!-- com.crm.comcast.OrgTestNGTest.CreateOrgTest -->
