<?xml version="1.0" encoding="UTF-8"?>
<!-- Generated by org.testng.reporters.JUnitReportReporter -->
<testsuite hostname="Storm_Rider" failures="0" tests="2" name="assertionsPractiseTest.HomePageVerificationTest" time="9.844" errors="0" timestamp="2024-10-23T11:12:47 IST" skipped="0">
  <testcase classname="assertionsPractiseTest.HomePageVerificationTest" name="verifYHomePageLogoDisplayedTest" time="4.792"/>
  <system-out/>
  <testcase classname="assertionsPractiseTest.HomePageVerificationTest" name="verifyUserInHomePageTest" time="5.052"/>
  <system-out/>
</testsuite> <!-- assertionsPractiseTest.HomePageVerificationTest -->
