<?xml version="1.0" encoding="UTF-8"?>
<!-- Generated by org.testng.reporters.JUnitReportReporter -->
<testsuite hostname="Storm_Rider" failures="0" tests="3" name="sample.CreateContact_DP_Test" time="0.009" errors="0" timestamp="2024-10-17T15:36:36 IST" skipped="0">
  <testcase classname="sample.CreateContact_DP_Test" name="createContact" time="0.001"/>
  <system-out/>
  <testcase classname="sample.CreateContact_DP_Test" name="createContact" time="0.007"/>
  <system-out/>
  <testcase classname="sample.CreateContact_DP_Test" name="createContact" time="0.001"/>
  <system-out/>
</testsuite> <!-- sample.CreateContact_DP_Test -->
