<?xml version="1.0" encoding="UTF-8"?>
<!-- Generated by org.testng.reporters.JUnitReportReporter -->
<testsuite hostname="Storm_Rider" failures="0" tests="2" name="com.crm.comcast.ContactTestNgTest.CreateContactTest" time="38.074" errors="0" timestamp="2024-10-29T17:53:09 IST" skipped="0">
  <testcase classname="com.crm.comcast.ContactTestNgTest.CreateContactTest" name="createContact" time="18.553"/>
  <system-out/>
  <testcase classname="com.crm.comcast.ContactTestNgTest.CreateContactTest" name="createContactWithDate" time="19.521"/>
  <system-out/>
</testsuite> <!-- com.crm.comcast.ContactTestNgTest.CreateContactTest -->
