<?xml version="1.0" encoding="UTF-8"?>
<!-- Generated by org.testng.reporters.JUnitReportReporter -->
<testsuite hostname="Storm_Rider" failures="0" tests="2" name="sample.Demo" time="0.009" errors="0" timestamp="2024-10-16T18:09:13 IST" skipped="0">
  <testcase classname="sample.Demo" name="m4" time="0.002"/>
  <system-out/>
  <testcase classname="sample.Demo" name="m3" time="0.007"/>
  <system-out/>
</testsuite> <!-- sample.Demo -->
