<?xml version="1.0" encoding="UTF-8"?>
<!-- Generated by org.testng.reporters.JUnitReportReporter -->
<testsuite hostname="Storm_Rider" failures="0" tests="11" name="sample.OrderTest" time="0.019" errors="0" timestamp="2024-10-17T11:24:21 IST" skipped="1">
  <testcase classname="sample.OrderTest" name="createOrderTest" time="0.001"/>
  <system-out/>
  <testcase classname="sample.OrderTest" name="createOrderTest" time="0.001"/>
  <system-out/>
  <testcase classname="sample.OrderTest" name="createOrderTest" time="0.001"/>
  <system-out/>
  <testcase classname="sample.OrderTest" name="createOrderTest" time="0.001"/>
  <system-out/>
  <testcase classname="sample.OrderTest" name="createOrderTest" time="0.009"/>
  <system-out/>
  <testcase classname="sample.OrderTest" name="createOrderTest" time="0.001"/>
  <system-out/>
  <testcase classname="sample.OrderTest" name="createOrderTest" time="0.002"/>
  <system-out/>
  <testcase classname="sample.OrderTest" name="createOrderTest" time="0.001"/>
  <system-out/>
  <testcase classname="sample.OrderTest" name="createOrderTest" time="0.001"/>
  <system-out/>
  <testcase classname="sample.OrderTest" name="createOrderTest" time="0.001"/>
  <system-out/>
  <testcase classname="sample.OrderTest" name="billOrder">
    <skipped/>
  </testcase> <!-- billOrder -->
  <system-out/>
</testsuite> <!-- sample.OrderTest -->
