<?xml version="1.0" encoding="UTF-8"?>
<!-- Generated by org.testng.reporters.JUnitReportReporter -->
<testsuite hostname="Storm_Rider" failures="0" tests="1" name="sample.SampleReportTest" time="2.384" errors="0" timestamp="2024-10-29T15:37:15 IST" skipped="0">
  <testcase classname="sample.SampleReportTest" name="createWithOrganizationContact" time="2.384"/>
  <system-out/>
</testsuite> <!-- sample.SampleReportTest -->
